# JRE version: OpenJDK Runtime Environment GraalVM CE 19.3.2 (11.0.7+10) (build 11.0.7+10-jvmci-19.3-b10)
# Java VM: OpenJDK 64-Bit Server VM GraalVM CE 19.3.2 (11.0.7+10-jvmci-19.3-b10, mixed mode, sharing, tiered, jvmci, jvmci compiler, compressed oops, g1 gc, windows-amd64)
Heap:
 garbage-first heap   total 524288K, used 57221K [0x0000000601200000, 0x0000000800000000)
  region size 2048K, 25 young (51200K), 3 survivors (6144K)
 Metaspace       used 34520K, capacity 35074K, committed 35328K, reserved 1081344K
  class space    used 3756K, capacity 3986K, committed 4096K, reserved 1048576K
GC Heap History (6 events):
Event: 0.454 GC heap before
{Heap before GC invocations=0 (full 0):
 garbage-first heap   total 524288K, used 22528K [0x0000000601200000, 0x0000000800000000)
  region size 2048K, 12 young (24576K), 0 survivors (0K)
 Metaspace       used 5412K, capacity 6706K, committed 6912K, reserved 1056768K
  class space    used 591K, capacity 746K, committed 768K, reserved 1048576K
}
Event: 0.457 GC heap after
{Heap after GC invocations=1 (full 0):
 garbage-first heap   total 524288K, used 4773K [0x0000000601200000, 0x0000000800000000)
  region size 2048K, 2 young (4096K), 2 survivors (4096K)
 Metaspace       used 5412K, capacity 6706K, committed 6912K, reserved 1056768K
  class space    used 591K, capacity 746K, committed 768K, reserved 1048576K
}
Event: 3.234 GC heap before
{Heap before GC invocations=1 (full 0):
 garbage-first heap   total 524288K, used 76453K [0x0000000601200000, 0x0000000800000000)
  region size 2048K, 38 young (77824K), 2 survivors (4096K)
 Metaspace       used 20775K, capacity 21162K, committed 21248K, reserved 1069056K
  class space    used 2328K, capacity 2493K, committed 2560K, reserved 1048576K
}
Event: 3.242 GC heap after
{Heap after GC invocations=2 (full 0):
 garbage-first heap   total 524288K, used 11740K [0x0000000601200000, 0x0000000800000000)
  region size 2048K, 6 young (12288K), 6 survivors (12288K)
 Metaspace       used 20775K, capacity 21162K, committed 21248K, reserved 1069056K
  class space    used 2328K, capacity 2493K, committed 2560K, reserved 1048576K
}
Event: 5.226 GC heap before
{Heap before GC invocations=3 (full 0):
 garbage-first heap   total 524288K, used 85468K [0x0000000601200000, 0x0000000800000000)
  region size 2048K, 43 young (88064K), 6 survivors (12288K)
 Metaspace       used 33318K, capacity 33904K, committed 33920K, reserved 1079296K
  class space    used 3711K, capacity 3968K, committed 3968K, reserved 1048576K
}
Event: 5.232 GC heap after
{Heap after GC invocations=4 (full 0):
 garbage-first heap   total 524288K, used 16261K [0x0000000601200000, 0x0000000800000000)
  region size 2048K, 3 young (6144K), 3 survivors (6144K)
 Metaspace       used 33318K, capacity 33904K, committed 33920K, reserved 1079296K
  class space    used 3711K, capacity 3968K, committed 3968K, reserved 1048576K
}

