# JRE version: OpenJDK Runtime Environment GraalVM CE 19.3.2 (11.0.7+10) (build 11.0.7+10-jvmci-19.3-b10)
# Java VM: OpenJDK 64-Bit Server VM GraalVM CE 19.3.2 (11.0.7+10-jvmci-19.3-b10, mixed mode, sharing, tiered, jvmci, jvmci compiler, compressed oops, g1 gc, windows-amd64)
Heap:
 garbage-first heap   total 524288K, used 58910K [0x0000000601200000, 0x0000000800000000)
  region size 2048K, 25 young (51200K), 2 survivors (4096K)
 Metaspace       used 34598K, capacity 35170K, committed 35328K, reserved 1081344K
  class space    used 3764K, capacity 4018K, committed 4096K, reserved 1048576K
GC Heap History (6 events):
Event: 0.510 GC heap before
{Heap before GC invocations=0 (full 0):
 garbage-first heap   total 524288K, used 22528K [0x0000000601200000, 0x0000000800000000)
  region size 2048K, 12 young (24576K), 0 survivors (0K)
 Metaspace       used 5566K, capacity 6866K, committed 7040K, reserved 1056768K
  class space    used 621K, capacity 778K, committed 896K, reserved 1048576K
}
Event: 0.514 GC heap after
{Heap after GC invocations=1 (full 0):
 garbage-first heap   total 524288K, used 4730K [0x0000000601200000, 0x0000000800000000)
  region size 2048K, 2 young (4096K), 2 survivors (4096K)
 Metaspace       used 5566K, capacity 6866K, committed 7040K, reserved 1056768K
  class space    used 621K, capacity 778K, committed 896K, reserved 1048576K
}
Event: 3.234 GC heap before
{Heap before GC invocations=1 (full 0):
 garbage-first heap   total 524288K, used 74362K [0x0000000601200000, 0x0000000800000000)
  region size 2048K, 37 young (75776K), 2 survivors (4096K)
 Metaspace       used 20787K, capacity 21162K, committed 21248K, reserved 1069056K
  class space    used 2330K, capacity 2493K, committed 2560K, reserved 1048576K
}
Event: 3.241 GC heap after
{Heap after GC invocations=2 (full 0):
 garbage-first heap   total 524288K, used 11724K [0x0000000601200000, 0x0000000800000000)
  region size 2048K, 6 young (12288K), 6 survivors (12288K)
 Metaspace       used 20787K, capacity 21162K, committed 21248K, reserved 1069056K
  class space    used 2330K, capacity 2493K, committed 2560K, reserved 1048576K
}
Event: 5.018 GC heap before
{Heap before GC invocations=3 (full 0):
 garbage-first heap   total 524288K, used 81356K [0x0000000601200000, 0x0000000800000000)
  region size 2048K, 41 young (83968K), 6 survivors (12288K)
 Metaspace       used 32905K, capacity 33490K, committed 33664K, reserved 1079296K
  class space    used 3702K, capacity 3959K, committed 3968K, reserved 1048576K
}
Event: 5.024 GC heap after
{Heap after GC invocations=4 (full 0):
 garbage-first heap   total 524288K, used 15902K [0x0000000601200000, 0x0000000800000000)
  region size 2048K, 2 young (4096K), 2 survivors (4096K)
 Metaspace       used 32905K, capacity 33490K, committed 33664K, reserved 1079296K
  class space    used 3702K, capacity 3959K, committed 3968K, reserved 1048576K
}

